INFO:werkzeug:[31m[1mWARNING: This is a development server. Do not use it in a production deployment. Use a production WSGI server instead.[0m
 * Running on http://127.0.0.1:5000
INFO:werkzeug:[33mPress CTRL+C to quit[0m
INFO:sqlalchemy.engine.Engine:BEGIN (implicit)
INFO:sqlalchemy.engine.Engine:SELECT users.id AS users_id, users.created_at AS users_created_at, users.updated_at AS users_updated_at, users.email AS users_email, users.password AS users_password, users.refresh_token AS users_refresh_token, users.name AS users_name, users.surname AS users_surname, users.favorite_genre_id AS users_favorite_genre_id 
FROM users 
WHERE users.email = ?
 LIMIT ? OFFSET ?
INFO:sqlalchemy.engine.Engine:[generated in 0.00070s] ('test@gmail.com', 1, 0)
INFO:sqlalchemy.engine.Engine:ROLLBACK
INFO:werkzeug:127.0.0.1 - - [21/Dec/2022 15:07:49] "[31m[1mPOST /auth/register/ HTTP/1.1[0m" 400 -
INFO:werkzeug:[31m[1mWARNING: This is a development server. Do not use it in a production deployment. Use a production WSGI server instead.[0m
 * Running on http://127.0.0.1:5000
INFO:werkzeug:[33mPress CTRL+C to quit[0m
INFO:sqlalchemy.engine.Engine:BEGIN (implicit)
INFO:sqlalchemy.engine.Engine:SELECT users.id AS users_id, users.created_at AS users_created_at, users.updated_at AS users_updated_at, users.email AS users_email, users.password AS users_password, users.refresh_token AS users_refresh_token, users.name AS users_name, users.surname AS users_surname, users.favorite_genre_id AS users_favorite_genre_id 
FROM users 
WHERE users.email = ?
 LIMIT ? OFFSET ?
INFO:sqlalchemy.engine.Engine:[generated in 0.00074s] ('test@gmail.com', 1, 0)
INFO:werkzeug:[31m[1mWARNING: This is a development server. Do not use it in a production deployment. Use a production WSGI server instead.[0m
 * Running on http://127.0.0.1:5000
INFO:werkzeug:[33mPress CTRL+C to quit[0m
INFO:sqlalchemy.engine.Engine:BEGIN (implicit)
INFO:sqlalchemy.engine.Engine:SELECT users.id AS users_id, users.created_at AS users_created_at, users.updated_at AS users_updated_at, users.email AS users_email, users.password AS users_password, users.refresh_token AS users_refresh_token, users.name AS users_name, users.surname AS users_surname, users.favorite_genre_id AS users_favorite_genre_id 
FROM users 
WHERE users.email = ?
 LIMIT ? OFFSET ?
INFO:sqlalchemy.engine.Engine:[generated in 0.00078s] ('test@gmail.com', 1, 0)
INFO:sqlalchemy.engine.Engine:ROLLBACK
INFO:werkzeug:127.0.0.1 - - [21/Dec/2022 15:17:42] "[31m[1mPOST /auth/register/ HTTP/1.1[0m" 400 -
INFO:sqlalchemy.engine.Engine:BEGIN (implicit)
INFO:sqlalchemy.engine.Engine:SELECT users.id AS users_id, users.created_at AS users_created_at, users.updated_at AS users_updated_at, users.email AS users_email, users.password AS users_password, users.refresh_token AS users_refresh_token, users.name AS users_name, users.surname AS users_surname, users.favorite_genre_id AS users_favorite_genre_id 
FROM users 
WHERE users.email = ?
 LIMIT ? OFFSET ?
INFO:sqlalchemy.engine.Engine:[cached since 99.05s ago] ('test@gmail.com', 1, 0)
INFO:sqlalchemy.engine.Engine:ROLLBACK
INFO:sqlalchemy.engine.Engine:BEGIN (implicit)
INFO:sqlalchemy.engine.Engine:INSERT INTO users (created_at, updated_at, email, password, refresh_token, name, surname, favorite_genre_id) VALUES (CURRENT_TIMESTAMP, CURRENT_TIMESTAMP, ?, ?, ?, ?, ?, ?)
INFO:sqlalchemy.engine.Engine:[generated in 0.00044s] ('test@gmail.com', b'dc3khc7ThHEFQ6lBRvfk7W04URYH8eG5BpoD6M/orJM=', None, None, None, None)
INFO:sqlalchemy.engine.Engine:COMMIT
INFO:sqlalchemy.engine.Engine:BEGIN (implicit)
INFO:sqlalchemy.engine.Engine:SELECT users.id AS users_id, users.created_at AS users_created_at, users.updated_at AS users_updated_at, users.email AS users_email, users.password AS users_password, users.refresh_token AS users_refresh_token, users.name AS users_name, users.surname AS users_surname, users.favorite_genre_id AS users_favorite_genre_id 
FROM users 
WHERE users.email = ?
 LIMIT ? OFFSET ?
INFO:sqlalchemy.engine.Engine:[cached since 99.12s ago] ('test@gmail.com', 1, 0)
